<?xml version="1.0" encoding="UTF-8"?>
<!-- Generated by org.testng.reporters.JUnitXMLReporter -->
<testsuite hostname="Indu" tests="25" failures="0" timestamp="8 Jan 2019 06:14:56 GMT" time="59.049" errors="0">
  <testcase name="PollPage1_Question1" time="2.908" classname="TemSocGFTest"/>
  <testcase name="PollPage1_Question2" time="2.803" classname="TemSocGFTest"/>
  <testcase name="PollPage1_Question3" time="1.524" classname="TemSocGFTest"/>
  <testcase name="PollPage1_SubmitButton" time="1.529" classname="TemSocGFTest"/>
  <testcase name="PollPage2_VerifyResults" time="0.382" classname="TemSocGFTest"/>
  <testcase name="PollPage2_ContinueButton" time="0.271" classname="TemSocGFTest"/>
  <testcase name="PollPage3_Question4" time="0.471" classname="TemSocGFTest"/>
  <testcase name="PollPage3_Question5" time="0.439" classname="TemSocGFTest"/>
  <testcase name="PollPage3_SubmitButton" time="2.506" classname="TemSocGFTest"/>
  <testcase name="PollPage4_VerifyResults" time="0.81" classname="TemSocGFTest"/>
  <testcase name="PollPage4_ContinueButton" time="0.654" classname="TemSocGFTest"/>
  <testcase name="PollPage5_Question6" time="1.742" classname="TemSocGFTest"/>
  <testcase name="PollPage6_Question7" time="1.14" classname="TemSocGFTest"/>
  <testcase name="PollPage6_Question8" time="2.869" classname="TemSocGFTest"/>
  <testcase name="PollPage6_Question9" time="3.55" classname="TemSocGFTest"/>
  <testcase name="PollPage6_SubmitButton" time="2.953" classname="TemSocGFTest"/>
  <testcase name="PollPage7_VerifyResults" time="0.822" classname="TemSocGFTest"/>
  <testcase name="PollPage7_ContinueButton" time="0.702" classname="TemSocGFTest"/>
  <testcase name="PollPage8_Question10" time="3.959" classname="TemSocGFTest"/>
  <testcase name="PollPage8_SubmitButton" time="2.972" classname="TemSocGFTest"/>
  <testcase name="PollPage9_ContinueButton" time="0.502" classname="TemSocGFTest"/>
  <testcase name="PollPage10_Question11" time="4.567" classname="TemSocGFTest"/>
  <testcase name="PollPage10_Question12" time="1.015" classname="TemSocGFTest"/>
  <testcase name="PollPage10_SubmitButton" time="2.365" classname="TemSocGFTest"/>
  <testcase name="PollPage11_ContinueButton" time="0.511" classname="TemSocGFTest"/>
</testsuite>
