<?xml version="1.0" encoding="UTF-8"?>
<!-- Generated by org.testng.reporters.JUnitXMLReporter -->
<testsuite hostname="Indu" tests="25" failures="0" timestamp="8 Jan 2019 07:48:54 GMT" time="0.532" errors="0">
  <testcase name="@BeforeTest Log_In" time="0.0" classname="TemSocGFTest">
    <failure type="org.testng.TestNGException" message="
Parameter &amp;apos;Browser_Type&amp;apos; is required by @Configuration on method Log_In but has not been marked @Optional or defined
in C:\Users\Varnika Singh\AppData\Local\Temp\testng-eclipse--502508737\testng-customsuite.xml">
      <![CDATA[org.testng.TestNGException: 
Parameter 'Browser_Type' is required by @Configuration on method Log_In but has not been marked @Optional or defined
in C:\Users\Varnika Singh\AppData\Local\Temp\testng-eclipse--502508737\testng-customsuite.xml
	at org.testng.internal.Parameters.createParameters(Parameters.java:155)
	at org.testng.internal.Parameters.createParameters(Parameters.java:355)
	at org.testng.internal.Parameters.createConfigurationParameters(Parameters.java:86)
	at org.testng.internal.Invoker.invokeConfigurations(Invoker.java:199)
	at org.testng.internal.Invoker.invokeConfigurations(Invoker.java:138)
	at org.testng.TestRunner.beforeRun(TestRunner.java:641)
	at org.testng.TestRunner.run(TestRunner.java:609)
	at org.testng.SuiteRunner.runTest(SuiteRunner.java:334)
	at org.testng.SuiteRunner.runSequentially(SuiteRunner.java:329)
	at org.testng.SuiteRunner.privateRun(SuiteRunner.java:291)
	at org.testng.SuiteRunner.run(SuiteRunner.java:240)
	at org.testng.SuiteRunnerWorker.runSuite(SuiteRunnerWorker.java:52)
	at org.testng.SuiteRunnerWorker.run(SuiteRunnerWorker.java:86)
	at org.testng.TestNG.runSuitesSequentially(TestNG.java:1198)
	at org.testng.TestNG.runSuitesLocally(TestNG.java:1123)
	at org.testng.TestNG.run(TestNG.java:1031)
	at org.testng.remote.AbstractRemoteTestNG.run(AbstractRemoteTestNG.java:114)
	at org.testng.remote.RemoteTestNG.initAndRun(RemoteTestNG.java:251)
	at org.testng.remote.RemoteTestNG.main(RemoteTestNG.java:77)
]]>
    </failure>
  </testcase> <!-- @BeforeTest Log_In -->
  <testcase name="@AfterTest close_browser" time="0.0" classname="TemSocGFTest">
    <skipped/>
  </testcase> <!-- @AfterTest close_browser -->
  <testcase name="PollPage1_Question1" time="0.002" classname="TemSocGFTest">
    <skipped/>
  </testcase> <!-- PollPage1_Question1 -->
  <testcase name="PollPage1_Question2" time="0.001" classname="TemSocGFTest">
    <skipped/>
  </testcase> <!-- PollPage1_Question2 -->
  <testcase name="PollPage1_Question3" time="0.001" classname="TemSocGFTest">
    <skipped/>
  </testcase> <!-- PollPage1_Question3 -->
  <testcase name="PollPage1_SubmitButton" time="0.038" classname="TemSocGFTest">
    <skipped/>
  </testcase> <!-- PollPage1_SubmitButton -->
  <testcase name="PollPage2_VerifyResults" time="0.006" classname="TemSocGFTest">
    <skipped/>
  </testcase> <!-- PollPage2_VerifyResults -->
  <testcase name="PollPage2_ContinueButton" time="0.005" classname="TemSocGFTest">
    <skipped/>
  </testcase> <!-- PollPage2_ContinueButton -->
  <testcase name="PollPage3_Question4" time="0.001" classname="TemSocGFTest">
    <skipped/>
  </testcase> <!-- PollPage3_Question4 -->
  <testcase name="PollPage3_Question5" time="0.0" classname="TemSocGFTest">
    <skipped/>
  </testcase> <!-- PollPage3_Question5 -->
  <testcase name="PollPage3_SubmitButton" time="0.003" classname="TemSocGFTest">
    <skipped/>
  </testcase> <!-- PollPage3_SubmitButton -->
  <testcase name="PollPage4_VerifyResults" time="0.005" classname="TemSocGFTest">
    <skipped/>
  </testcase> <!-- PollPage4_VerifyResults -->
  <testcase name="PollPage4_ContinueButton" time="0.005" classname="TemSocGFTest">
    <skipped/>
  </testcase> <!-- PollPage4_ContinueButton -->
  <testcase name="PollPage5_Question6" time="0.001" classname="TemSocGFTest">
    <skipped/>
  </testcase> <!-- PollPage5_Question6 -->
  <testcase name="PollPage6_Question7" time="0.0" classname="TemSocGFTest">
    <skipped/>
  </testcase> <!-- PollPage6_Question7 -->
  <testcase name="PollPage6_Question8" time="0.001" classname="TemSocGFTest">
    <skipped/>
  </testcase> <!-- PollPage6_Question8 -->
  <testcase name="PollPage6_Question9" time="0.001" classname="TemSocGFTest">
    <skipped/>
  </testcase> <!-- PollPage6_Question9 -->
  <testcase name="PollPage6_SubmitButton" time="0.018" classname="TemSocGFTest">
    <skipped/>
  </testcase> <!-- PollPage6_SubmitButton -->
  <testcase name="PollPage7_VerifyResults" time="0.004" classname="TemSocGFTest">
    <skipped/>
  </testcase> <!-- PollPage7_VerifyResults -->
  <testcase name="PollPage7_ContinueButton" time="0.003" classname="TemSocGFTest">
    <skipped/>
  </testcase> <!-- PollPage7_ContinueButton -->
  <testcase name="PollPage8_Question10" time="0.002" classname="TemSocGFTest">
    <skipped/>
  </testcase> <!-- PollPage8_Question10 -->
  <testcase name="PollPage8_SubmitButton" time="0.003" classname="TemSocGFTest">
    <skipped/>
  </testcase> <!-- PollPage8_SubmitButton -->
  <testcase name="PollPage9_ContinueButton" time="0.008" classname="TemSocGFTest">
    <skipped/>
  </testcase> <!-- PollPage9_ContinueButton -->
  <testcase name="PollPage10_Question11" time="0.001" classname="TemSocGFTest">
    <skipped/>
  </testcase> <!-- PollPage10_Question11 -->
  <testcase name="PollPage10_Question12" time="0.001" classname="TemSocGFTest">
    <skipped/>
  </testcase> <!-- PollPage10_Question12 -->
  <testcase name="PollPage10_SubmitButton" time="0.017" classname="TemSocGFTest">
    <skipped/>
  </testcase> <!-- PollPage10_SubmitButton -->
  <testcase name="PollPage11_ContinueButton" time="0.004" classname="TemSocGFTest">
    <skipped/>
  </testcase> <!-- PollPage11_ContinueButton -->
</testsuite>
